2025-05-20 16:13:13,531 - Rank 1 - INFO - init student rank
2025-05-20 16:13:13,533 - Rank 1 - INFO - init Model
2025-05-20 16:13:14,869 - Rank 1 - INFO - get input
2025-05-20 16:13:15,242 - Rank 1 - INFO - compute probs
2025-05-20 16:13:52,181 - Rank 1 - INFO - init student rank
2025-05-20 16:13:52,184 - Rank 1 - INFO - init Model
2025-05-20 16:13:53,709 - Rank 1 - INFO - get input
2025-05-20 16:13:54,083 - Rank 1 - INFO - compute probs
2025-05-20 16:13:54,091 - Rank 1 - INFO - send probs
2025-05-20 16:13:54,587 - Rank 1 - INFO - get input
2025-05-20 16:13:54,587 - Rank 1 - INFO - compute probs
2025-05-20 16:13:54,588 - Rank 1 - INFO - send probs
2025-05-20 16:13:54,593 - Rank 1 - INFO - get input
2025-05-20 16:13:54,593 - Rank 1 - INFO - compute probs
2025-05-20 16:13:54,594 - Rank 1 - INFO - send probs
2025-05-20 16:13:54,598 - Rank 1 - INFO - get input
2025-05-20 16:13:54,599 - Rank 1 - INFO - compute probs
2025-05-20 16:13:54,599 - Rank 1 - INFO - send probs
2025-05-20 16:13:54,605 - Rank 1 - INFO - get input
2025-05-20 16:13:54,605 - Rank 1 - INFO - compute probs
2025-05-20 16:13:54,606 - Rank 1 - INFO - send probs
2025-05-20 16:13:54,610 - Rank 1 - INFO - get input
2025-05-20 16:13:54,611 - Rank 1 - INFO - compute probs
2025-05-20 16:13:54,611 - Rank 1 - INFO - send probs
2025-05-20 16:13:54,616 - Rank 1 - INFO - get input
2025-05-20 16:13:54,616 - Rank 1 - INFO - compute probs
2025-05-20 16:13:54,617 - Rank 1 - INFO - send probs
2025-05-20 16:13:54,622 - Rank 1 - INFO - get input
2025-05-20 16:13:54,622 - Rank 1 - INFO - compute probs
2025-05-20 16:13:54,623 - Rank 1 - INFO - send probs
2025-05-20 16:13:54,627 - Rank 1 - INFO - get input
2025-05-20 16:13:54,628 - Rank 1 - INFO - compute probs
2025-05-20 16:13:54,628 - Rank 1 - INFO - send probs
2025-05-20 16:13:54,633 - Rank 1 - INFO - get input
2025-05-20 16:13:54,633 - Rank 1 - INFO - compute probs
2025-05-20 16:13:54,634 - Rank 1 - INFO - send probs
2025-05-20 16:13:54,638 - Rank 1 - INFO - get input
2025-05-20 16:13:54,639 - Rank 1 - INFO - compute probs
2025-05-20 16:13:54,639 - Rank 1 - INFO - send probs
